#
# There is insufficient memory for the Java Runtime Environment to continue.
# Native memory allocation (malloc) failed to allocate 605936 bytes for Chunk::new
# Possible reasons:
#   The system is out of physical RAM or swap space
#   The process is running with CompressedOops enabled, and the Java Heap may be blocking the growth of the native heap
# Possible solutions:
#   Reduce memory load on the system
#   Increase physical memory or swap space
#   Check if swap backing store is full
#   Decrease Java heap size (-Xmx/-Xms)
#   Decrease number of Java threads
#   Decrease Java thread stack sizes (-Xss)
#   Set larger code cache with -XX:ReservedCodeCacheSize=
#   JVM is running with Zero Based Compressed Oops mode in which the Java heap is
#     placed in the first 32GB address space. The Java Heap base address is the
#     maximum limit for the native heap growth. Please use -XX:HeapBaseMinAddress
#     to set the Java Heap base and to place the Java Heap above 32GB virtual address.
# This output file may be truncated or incomplete.
#
#  Out of Memory Error (arena.cpp:189), pid=6992, tid=6828
#
# JRE version: OpenJDK Runtime Environment Temurin-17.0.1+12 (17.0.1+12) (build 17.0.1+12)
# Java VM: OpenJDK 64-Bit Server VM Temurin-17.0.1+12 (17.0.1+12, mixed mode, sharing, tiered, compressed oops, compressed class ptrs, g1 gc, windows-amd64)
# No core dump will be written. Minidumps are not enabled by default on client versions of Windows
#

---------------  S U M M A R Y ------------

Command Line: -agentlib:jdwp=transport=dt_socket,server=n,suspend=y,address=127.0.0.1:63910 --add-opens=java.base/java.util=ALL-UNNAMED --add-opens=java.base/java.lang=ALL-UNNAMED --add-opens=java.base/java.lang.invoke=ALL-UNNAMED --add-opens=java.base/java.util=ALL-UNNAMED --add-opens=java.prefs/java.util.prefs=ALL-UNNAMED --add-opens=java.prefs/java.util.prefs=ALL-UNNAMED --add-opens=java.base/java.nio.charset=ALL-UNNAMED --add-opens=java.base/java.net=ALL-UNNAMED --add-opens=java.base/java.util.concurrent.atomic=ALL-UNNAMED -Xmx4G -Dfile.encoding=windows-1252 -Duser.country=US -Duser.language=en -Duser.variant org.gradle.launcher.daemon.bootstrap.GradleDaemon 7.3.3

Host: Intel(R) Core(TM) i5-7600K CPU @ 3.80GHz, 4 cores, 15G,  Windows 10 , 64 bit Build 19041 (10.0.19041.1566)
Time: Sun Apr 24 22:57:13 2022 W. Europe Daylight Time elapsed time: 95.104815 seconds (0d 0h 1m 35s)

---------------  T H R E A D  ---------------

Current thread (0x0000028869829ac0):  JavaThread "C2 CompilerThread0" daemon [_thread_in_native, id=6828, stack(0x000000c8ab300000,0x000000c8ab400000)]


Current CompileTask:
C2:  95104 9968       4       java.lang.reflect.AccessibleObject::checkCanSetAccessible (368 bytes)

Stack: [0x000000c8ab300000,0x000000c8ab400000]
Native frames: (J=compiled Java code, j=interpreted, Vv=VM code, C=native code)
V  [jvm.dll+0x6744da]
V  [jvm.dll+0x82e144]
V  [jvm.dll+0x82f8ee]
V  [jvm.dll+0x82ff53]
V  [jvm.dll+0x245175]
V  [jvm.dll+0xab85b]
V  [jvm.dll+0xabdec]
V  [jvm.dll+0x362eb2]
V  [jvm.dll+0x32d4c1]
V  [jvm.dll+0x32c96a]
V  [jvm.dll+0x218031]
V  [jvm.dll+0x217451]
V  [jvm.dll+0x1a355d]
V  [jvm.dll+0x226e38]
V  [jvm.dll+0x224f7c]
V  [jvm.dll+0x7e3f5b]
V  [jvm.dll+0x7de51a]
V  [jvm.dll+0x673305]
C  [ucrtbase.dll+0x21bb2]
C  [KERNEL32.DLL+0x17034]
C  [ntdll.dll+0x52651]


---------------  P R O C E S S  ---------------

Threads class SMR info:
_java_thread_list=0x000002886ea12c80, length=95, elements={
0x00000288466e7040, 0x0000028868ebda10, 0x0000028868ebe680, 0x0000028868ed6380,
0x0000028868ed6d30, 0x0000028868ed76e0, 0x0000028869808090, 0x0000028869829ac0,
0x000002886982a4b0, 0x0000028868ede050, 0x000002886997da50, 0x00000288699894d0,
0x0000028869999850, 0x000002886999a150, 0x00000288699a2660, 0x000002886af7fff0,
0x000002886b9860c0, 0x000002886ace0f10, 0x000002886b170ac0, 0x000002886b3cdaa0,
0x000002886b6a2c10, 0x000002886bb87890, 0x000002886af17120, 0x000002886af18460,
0x000002886af18e00, 0x000002886af17f90, 0x000002886af16c50, 0x000002886af17ac0,
0x000002886af175f0, 0x000002886af197a0, 0x000002886af19c70, 0x000002886af16780,
0x000002886c32c4b0, 0x000002886c3324f0, 0x000002886c331b50, 0x000002886c332020,
0x000002886c32f9a0, 0x000002886c32eb30, 0x000002886c32b640, 0x000002886c32bb10,
0x000002886c32fe70, 0x000002886c330ce0, 0x000002886c3311b0, 0x000002886c32f4d0,
0x000002886c331680, 0x000002886c32c980, 0x000002886c32ce50, 0x000002886c32d320,
0x000002886c32d7f0, 0x000002886c32dcc0, 0x000002886c32e190, 0x000002886c32e660,
0x000002886bc93ae0, 0x000002886bc91e00, 0x000002886bc927a0, 0x000002886bc96b00,
0x000002886bc987e0, 0x000002886bc952f0, 0x000002886bc93610, 0x000002886bc91930,
0x000002886bc92c70, 0x000002886bc99180, 0x000002886bc94480, 0x000002886bc94950,
0x000002886bc94e20, 0x000002886bc96fd0, 0x000002886bc957c0, 0x000002886bc922d0,
0x000002886bc93fb0, 0x000002886bc95c90, 0x000002886bc96160, 0x000002886bc96630,
0x000002886bc974a0, 0x000002886bc93140, 0x000002886bc97970, 0x000002886bc97e40,
0x000002886ef092a0, 0x000002886ef06c20, 0x000002886ef03260, 0x000002886ef05db0,
0x000002886ef09c40, 0x000002886ef06280, 0x000002886ef0a110, 0x000002886ef045a0,
0x000002886ef03730, 0x000002886ef070f0, 0x000002886ef04f40, 0x000002886ef03c00,
0x000002886ef075c0, 0x000002886ef08430, 0x000002886ef05410, 0x000002886ef07a90,
0x000002886ef07f60, 0x0000028870ec3fe0, 0x0000028870ec0fc0
}

Java Threads: ( => current thread )
  0x00000288466e7040 JavaThread "main" [_thread_blocked, id=7528, stack(0x000000c8aa600000,0x000000c8aa700000)]
  0x0000028868ebda10 JavaThread "Reference Handler" daemon [_thread_blocked, id=4400, stack(0x000000c8aad00000,0x000000c8aae00000)]
  0x0000028868ebe680 JavaThread "Finalizer" daemon [_thread_blocked, id=4688, stack(0x000000c8aae00000,0x000000c8aaf00000)]
  0x0000028868ed6380 JavaThread "Signal Dispatcher" daemon [_thread_blocked, id=14340, stack(0x000000c8aaf00000,0x000000c8ab000000)]
  0x0000028868ed6d30 JavaThread "Attach Listener" daemon [_thread_blocked, id=15520, stack(0x000000c8ab000000,0x000000c8ab100000)]
  0x0000028868ed76e0 JavaThread "Service Thread" daemon [_thread_blocked, id=14932, stack(0x000000c8ab100000,0x000000c8ab200000)]
  0x0000028869808090 JavaThread "Monitor Deflation Thread" daemon [_thread_blocked, id=14196, stack(0x000000c8ab200000,0x000000c8ab300000)]
=>0x0000028869829ac0 JavaThread "C2 CompilerThread0" daemon [_thread_in_native, id=6828, stack(0x000000c8ab300000,0x000000c8ab400000)]
  0x000002886982a4b0 JavaThread "C1 CompilerThread0" daemon [_thread_blocked, id=3576, stack(0x000000c8ab400000,0x000000c8ab500000)]
  0x0000028868ede050 JavaThread "Sweeper thread" daemon [_thread_blocked, id=13272, stack(0x000000c8ab500000,0x000000c8ab600000)]
  0x000002886997da50 JavaThread "Common-Cleaner" daemon [_thread_blocked, id=9664, stack(0x000000c8ab600000,0x000000c8ab700000)]
  0x00000288699894d0 JavaThread "JDWP Transport Listener: dt_socket" daemon [_thread_blocked, id=2652, stack(0x000000c8ab700000,0x000000c8ab800000)]
  0x0000028869999850 JavaThread "JDWP Event Helper Thread" daemon [_thread_blocked, id=10516, stack(0x000000c8ab800000,0x000000c8ab900000)]
  0x000002886999a150 JavaThread "JDWP Command Reader" daemon [_thread_in_native, id=16032, stack(0x000000c8ab900000,0x000000c8aba00000)]
  0x00000288699a2660 JavaThread "Notification Thread" daemon [_thread_blocked, id=15540, stack(0x000000c8aba00000,0x000000c8abb00000)]
  0x000002886af7fff0 JavaThread "Daemon health stats" [_thread_blocked, id=12740, stack(0x000000c8abf00000,0x000000c8ac000000)]
  0x000002886b9860c0 JavaThread "Incoming local TCP Connector on port 63915" [_thread_in_native, id=15688, stack(0x000000c8ac000000,0x000000c8ac100000)]
  0x000002886ace0f10 JavaThread "Daemon periodic checks" [_thread_blocked, id=8612, stack(0x000000c8ac100000,0x000000c8ac200000)]
  0x000002886b170ac0 JavaThread "Daemon" [_thread_blocked, id=5176, stack(0x000000c8ac200000,0x000000c8ac300000)]
  0x000002886b3cdaa0 JavaThread "Handler for socket connection from /127.0.0.1:63915 to /127.0.0.1:63916" [_thread_in_native, id=1868, stack(0x000000c8ac300000,0x000000c8ac400000)]
  0x000002886b6a2c10 JavaThread "Cancel handler" [_thread_blocked, id=2632, stack(0x000000c8ac400000,0x000000c8ac500000)]
  0x000002886bb87890 JavaThread "Daemon worker" [_thread_blocked, id=11924, stack(0x000000c8ac500000,0x000000c8ac600000)]
  0x000002886af17120 JavaThread "Asynchronous log dispatcher for DefaultDaemonConnection: socket connection from /127.0.0.1:63915 to /127.0.0.1:63916" [_thread_blocked, id=12628, stack(0x000000c8ac600000,0x000000c8ac700000)]
  0x000002886af18460 JavaThread "Stdin handler" [_thread_blocked, id=4768, stack(0x000000c8ac700000,0x000000c8ac800000)]
  0x000002886af18e00 JavaThread "Daemon client event forwarder" [_thread_blocked, id=8932, stack(0x000000c8ac800000,0x000000c8ac900000)]
  0x000002886af17f90 JavaThread "Cache worker for journal cache (C:\Users\Birb\.gradle\caches\journal-1)" [_thread_blocked, id=11124, stack(0x000000c8ac900000,0x000000c8aca00000)]
  0x000002886af16c50 JavaThread "File lock request listener" [_thread_in_native, id=6932, stack(0x000000c8aca00000,0x000000c8acb00000)]
  0x000002886af17ac0 JavaThread "Cache worker for file hash cache (C:\Users\Birb\.gradle\caches\7.3.3\fileHashes)" [_thread_blocked, id=8708, stack(0x000000c8acb00000,0x000000c8acc00000)]
  0x000002886af175f0 JavaThread "Cache worker for file hash cache (C:\Users\Birb\wgpu-mc\.gradle\7.3.3\fileHashes)" [_thread_blocked, id=5484, stack(0x000000c8acd00000,0x000000c8ace00000)]
  0x000002886af197a0 JavaThread "File watcher server" daemon [_thread_in_native, id=15444, stack(0x000000c8ace00000,0x000000c8acf00000)]
  0x000002886af19c70 JavaThread "File watcher consumer" daemon [_thread_blocked, id=8056, stack(0x000000c8acf00000,0x000000c8ad000000)]
  0x000002886af16780 JavaThread "Cache worker for checksums cache (C:\Users\Birb\wgpu-mc\.gradle\7.3.3\checksums)" [_thread_blocked, id=7120, stack(0x000000c8ad000000,0x000000c8ad100000)]
  0x000002886c32c4b0 JavaThread "Cache worker for cache directory md-supplier (C:\Users\Birb\.gradle\caches\7.3.3\md-supplier)" [_thread_blocked, id=12636, stack(0x000000c8ad100000,0x000000c8ad200000)]
  0x000002886c3324f0 JavaThread "Cache worker for cache directory md-rule (C:\Users\Birb\.gradle\caches\7.3.3\md-rule)" [_thread_blocked, id=4676, stack(0x000000c8ad200000,0x000000c8ad300000)]
  0x000002886c331b50 JavaThread "Cache worker for execution history cache (C:\Users\Birb\.gradle\caches\7.3.3\executionHistory)" [_thread_blocked, id=8228, stack(0x000000c8ad300000,0x000000c8ad400000)]
  0x000002886c332020 JavaThread "jar transforms" [_thread_blocked, id=8500, stack(0x000000c8ad400000,0x000000c8ad500000)]
  0x000002886c32f9a0 JavaThread "jar transforms Thread 2" [_thread_blocked, id=15148, stack(0x000000c8ad500000,0x000000c8ad600000)]
  0x000002886c32eb30 JavaThread "Cache worker for file content cache (C:\Users\Birb\.gradle\caches\7.3.3\fileContent)" [_thread_blocked, id=16184, stack(0x000000c8ad900000,0x000000c8ada00000)]
  0x000002886c32b640 JavaThread "jar transforms Thread 3" [_thread_blocked, id=9856, stack(0x000000c8ada00000,0x000000c8adb00000)]
  0x000002886c32bb10 JavaThread "jar transforms Thread 4" [_thread_blocked, id=14048, stack(0x000000c8adb00000,0x000000c8adc00000)]
  0x000002886c32fe70 JavaThread "Cache worker for kotlin-dsl (C:\Users\Birb\.gradle\caches\7.3.3\kotlin-dsl)" [_thread_blocked, id=7508, stack(0x000000c8adc00000,0x000000c8add00000)]
  0x000002886c330ce0 JavaThread "Cache worker for dependencies-accessors (C:\Users\Birb\wgpu-mc\.gradle\7.3.3\dependencies-accessors)" [_thread_blocked, id=5844, stack(0x000000c8add00000,0x000000c8ade00000)]
  0x000002886c3311b0 JavaThread "Cache worker for Build Output Cleanup Cache (C:\Users\Birb\wgpu-mc\.gradle\buildOutputCleanup)" [_thread_blocked, id=10924, stack(0x000000c8ade00000,0x000000c8adf00000)]
  0x000002886c32f4d0 JavaThread "Unconstrained build operations" [_thread_blocked, id=16256, stack(0x000000c8acc00000,0x000000c8acd00000)]
  0x000002886c331680 JavaThread "Unconstrained build operations Thread 2" [_thread_blocked, id=3964, stack(0x000000c8adf00000,0x000000c8ae000000)]
  0x000002886c32c980 JavaThread "Unconstrained build operations Thread 3" [_thread_blocked, id=11188, stack(0x000000c8ae000000,0x000000c8ae100000)]
  0x000002886c32ce50 JavaThread "Unconstrained build operations Thread 4" [_thread_blocked, id=5368, stack(0x000000c8ae100000,0x000000c8ae200000)]
  0x000002886c32d320 JavaThread "Unconstrained build operations Thread 5" [_thread_blocked, id=10276, stack(0x000000c8ae200000,0x000000c8ae300000)]
  0x000002886c32d7f0 JavaThread "Unconstrained build operations Thread 6" [_thread_blocked, id=4552, stack(0x000000c8ae300000,0x000000c8ae400000)]
  0x000002886c32dcc0 JavaThread "Unconstrained build operations Thread 7" [_thread_blocked, id=6920, stack(0x000000c8ae400000,0x000000c8ae500000)]
  0x000002886c32e190 JavaThread "Unconstrained build operations Thread 8" [_thread_blocked, id=7816, stack(0x000000c8ae500000,0x000000c8ae600000)]
  0x000002886c32e660 JavaThread "Unconstrained build operations Thread 9" [_thread_blocked, id=15544, stack(0x000000c8ae600000,0x000000c8ae700000)]
  0x000002886bc93ae0 JavaThread "Unconstrained build operations Thread 10" [_thread_blocked, id=10468, stack(0x000000c8ae700000,0x000000c8ae800000)]
  0x000002886bc91e00 JavaThread "Unconstrained build operations Thread 11" [_thread_blocked, id=1928, stack(0x000000c8ae800000,0x000000c8ae900000)]
  0x000002886bc927a0 JavaThread "Unconstrained build operations Thread 12" [_thread_blocked, id=15876, stack(0x000000c8ae900000,0x000000c8aea00000)]
  0x000002886bc96b00 JavaThread "Unconstrained build operations Thread 13" [_thread_blocked, id=5272, stack(0x000000c8aea00000,0x000000c8aeb00000)]
  0x000002886bc987e0 JavaThread "Unconstrained build operations Thread 14" [_thread_blocked, id=16252, stack(0x000000c8aeb00000,0x000000c8aec00000)]
  0x000002886bc952f0 JavaThread "Unconstrained build operations Thread 15" [_thread_blocked, id=12080, stack(0x000000c8aec00000,0x000000c8aed00000)]
  0x000002886bc93610 JavaThread "Unconstrained build operations Thread 16" [_thread_blocked, id=10392, stack(0x000000c8aed00000,0x000000c8aee00000)]
  0x000002886bc91930 JavaThread "Unconstrained build operations Thread 17" [_thread_blocked, id=14000, stack(0x000000c8aee00000,0x000000c8aef00000)]
  0x000002886bc92c70 JavaThread "Unconstrained build operations Thread 18" [_thread_blocked, id=2384, stack(0x000000c8aef00000,0x000000c8af000000)]
  0x000002886bc99180 JavaThread "Unconstrained build operations Thread 19" [_thread_blocked, id=8876, stack(0x000000c8af000000,0x000000c8af100000)]
  0x000002886bc94480 JavaThread "Unconstrained build operations Thread 20" [_thread_blocked, id=3380, stack(0x000000c8af100000,0x000000c8af200000)]
  0x000002886bc94950 JavaThread "Unconstrained build operations Thread 21" [_thread_blocked, id=11364, stack(0x000000c8af200000,0x000000c8af300000)]
  0x000002886bc94e20 JavaThread "Unconstrained build operations Thread 22" [_thread_blocked, id=7376, stack(0x000000c8af300000,0x000000c8af400000)]
  0x000002886bc96fd0 JavaThread "Unconstrained build operations Thread 23" [_thread_blocked, id=15696, stack(0x000000c8af400000,0x000000c8af500000)]
  0x000002886bc957c0 JavaThread "Unconstrained build operations Thread 24" [_thread_blocked, id=7516, stack(0x000000c8af500000,0x000000c8af600000)]
  0x000002886bc922d0 JavaThread "Unconstrained build operations Thread 25" [_thread_blocked, id=14704, stack(0x000000c8af600000,0x000000c8af700000)]
  0x000002886bc93fb0 JavaThread "Unconstrained build operations Thread 26" [_thread_blocked, id=16140, stack(0x000000c8af700000,0x000000c8af800000)]
  0x000002886bc95c90 JavaThread "Unconstrained build operations Thread 27" [_thread_blocked, id=7328, stack(0x000000c8af800000,0x000000c8af900000)]
  0x000002886bc96160 JavaThread "Unconstrained build operations Thread 28" [_thread_blocked, id=9224, stack(0x000000c8af900000,0x000000c8afa00000)]
  0x000002886bc96630 JavaThread "Unconstrained build operations Thread 29" [_thread_blocked, id=7628, stack(0x000000c8afa00000,0x000000c8afb00000)]
  0x000002886bc974a0 JavaThread "Unconstrained build operations Thread 30" [_thread_blocked, id=11424, stack(0x000000c8afb00000,0x000000c8afc00000)]
  0x000002886bc93140 JavaThread "Unconstrained build operations Thread 31" [_thread_blocked, id=15920, stack(0x000000c8afc00000,0x000000c8afd00000)]
  0x000002886bc97970 JavaThread "Unconstrained build operations Thread 32" [_thread_blocked, id=3084, stack(0x000000c8afd00000,0x000000c8afe00000)]
  0x000002886bc97e40 JavaThread "Unconstrained build operations Thread 33" [_thread_blocked, id=1404, stack(0x000000c8afe00000,0x000000c8aff00000)]
  0x000002886ef092a0 JavaThread "Memory manager" [_thread_blocked, id=3124, stack(0x000000c8b0000000,0x000000c8b0100000)]
  0x000002886ef06c20 JavaThread "Unconstrained build operations Thread 34" [_thread_blocked, id=15328, stack(0x000000c8aff00000,0x000000c8b0000000)]
  0x000002886ef03260 JavaThread "Unconstrained build operations Thread 35" [_thread_blocked, id=8012, stack(0x000000c8b0200000,0x000000c8b0300000)]
  0x000002886ef05db0 JavaThread "Unconstrained build operations Thread 36" [_thread_blocked, id=3376, stack(0x000000c8b0300000,0x000000c8b0400000)]
  0x000002886ef09c40 JavaThread "Unconstrained build operations Thread 37" [_thread_blocked, id=11172, stack(0x000000c8b0400000,0x000000c8b0500000)]
  0x000002886ef06280 JavaThread "Unconstrained build operations Thread 38" [_thread_blocked, id=16328, stack(0x000000c8b0500000,0x000000c8b0600000)]
  0x000002886ef0a110 JavaThread "Unconstrained build operations Thread 39" [_thread_blocked, id=10284, stack(0x000000c8b0600000,0x000000c8b0700000)]
  0x000002886ef045a0 JavaThread "Unconstrained build operations Thread 40" [_thread_blocked, id=16236, stack(0x000000c8b0700000,0x000000c8b0800000)]
  0x000002886ef03730 JavaThread "ForkJoinPool.commonPool-worker-2" daemon [_thread_blocked, id=9808, stack(0x000000c8b0900000,0x000000c8b0a00000)]
  0x000002886ef070f0 JavaThread "ForkJoinPool.commonPool-worker-3" daemon [_thread_blocked, id=11564, stack(0x000000c8b0a00000,0x000000c8b0b00000)]
  0x000002886ef04f40 JavaThread "Exec process" [_thread_in_native, id=13468, stack(0x000000c8b0b00000,0x000000c8b0c00000)]
  0x000002886ef03c00 JavaThread "Exec process Thread 2" [_thread_in_native, id=548, stack(0x000000c8b0c00000,0x000000c8b0d00000)]
  0x000002886ef075c0 JavaThread "Exec process Thread 3" [_thread_blocked, id=12328, stack(0x000000c8b0d00000,0x000000c8b0e00000)]
  0x000002886ef08430 JavaThread "Execution worker for ':'" [_thread_blocked, id=15108, stack(0x000000c8b0e00000,0x000000c8b0f00000)]
  0x000002886ef05410 JavaThread "Execution worker for ':' Thread 2" [_thread_blocked, id=10696, stack(0x000000c8b0f00000,0x000000c8b1000000)]
  0x000002886ef07a90 JavaThread "Execution worker for ':' Thread 3" [_thread_blocked, id=3088, stack(0x000000c8b1000000,0x000000c8b1100000)]
  0x000002886ef07f60 JavaThread "Cache worker for execution history cache (C:\Users\Birb\wgpu-mc\.gradle\7.3.3\executionHistory)" [_thread_blocked, id=13716, stack(0x000000c8b1100000,0x000000c8b1200000)]
  0x0000028870ec3fe0 JavaThread "DisconnectableInputStream source reader" daemon [_thread_blocked, id=11724, stack(0x000000c8b0100000,0x000000c8b0200000)]
  0x0000028870ec0fc0 JavaThread "Exec process Thread 4" [_thread_in_native, id=16224, stack(0x000000c8b1200000,0x000000c8b1300000)]

Other Threads:
  0x0000028868eba010 VMThread "VM Thread" [stack: 0x000000c8aac00000,0x000000c8aad00000] [id=16016]
  0x00000288467539d0 WatcherThread [stack: 0x000000c8abb00000,0x000000c8abc00000] [id=2728]
  0x00000288467368d0 GCTaskThread "GC Thread#0" [stack: 0x000000c8aa700000,0x000000c8aa800000] [id=13648]
  0x0000028869b59ba0 GCTaskThread "GC Thread#1" [stack: 0x000000c8abc00000,0x000000c8abd00000] [id=15828]
  0x0000028869e90fc0 GCTaskThread "GC Thread#2" [stack: 0x000000c8abd00000,0x000000c8abe00000] [id=13892]
  0x0000028869e91270 GCTaskThread "GC Thread#3" [stack: 0x000000c8abe00000,0x000000c8abf00000] [id=10020]
  0x0000028846748720 ConcurrentGCThread "G1 Main Marker" [stack: 0x000000c8aa800000,0x000000c8aa900000] [id=6880]
  0x00000288467497d0 ConcurrentGCThread "G1 Conc#0" [stack: 0x000000c8aa900000,0x000000c8aaa00000] [id=7040]
  0x0000028868d420c0 ConcurrentGCThread "G1 Refine#0" [stack: 0x000000c8aaa00000,0x000000c8aab00000] [id=11236]
  0x000002886d4b81a0 ConcurrentGCThread "G1 Refine#1" [stack: 0x000000c8ad600000,0x000000c8ad700000] [id=4504]
  0x000002886d4b8480 ConcurrentGCThread "G1 Refine#2" [stack: 0x000000c8ad700000,0x000000c8ad800000] [id=1020]
  0x000002886d4b7340 ConcurrentGCThread "G1 Refine#3" [stack: 0x000000c8ad800000,0x000000c8ad900000] [id=13992]
  0x0000028868d429e0 ConcurrentGCThread "G1 Service" [stack: 0x000000c8aab00000,0x000000c8aac00000] [id=16240]

Threads with active compile tasks:
C2 CompilerThread0    95132 9968       4       java.lang.reflect.AccessibleObject::checkCanSetAccessible (368 bytes)

VM state: not at safepoint (normal execution)

VM Mutex/Monitor currently owned by a thread: None

Heap address: 0x0000000700000000, size: 4096 MB, Compressed Oops mode: Zero based, Oop shift amount: 3

CDS archive(s) mapped at: [0x0000000800000000-0x0000000800bc0000-0x0000000800bc0000), size 12320768, SharedBaseAddress: 0x0000000800000000, ArchiveRelocationMode: 0.
Compressed class space mapped at: 0x0000000800c00000-0x0000000840c00000, reserved size: 1073741824
Narrow klass base: 0x0000000800000000, Narrow klass shift: 0, Narrow klass range: 0x100000000

GC Precious Log:
 CPUs: 4 total, 4 available
 Memory: 16297M
 Large Page Support: Disabled
 NUMA Support: Disabled
 Compressed Oops: Enabled (Zero based)
 Heap Region Size: 2M
 Heap Min Capacity: 8M
 Heap Initial Capacity: 256M
 Heap Max Capacity: 4G
 Pre-touch: Disabled
 Parallel Workers: 4
 Concurrent Workers: 1
 Concurrent Refinement Workers: 4
 Periodic GC: Disabled

Heap:
 garbage-first heap   total 253952K, used 161564K [0x0000000700000000, 0x0000000800000000)
  region size 2048K, 32 young (65536K), 7 survivors (14336K)
 Metaspace       used 72174K, committed 72896K, reserved 1114112K
  class space    used 9786K, committed 10112K, reserved 1048576K

Heap Regions: E=young(eden), S=young(survivor), O=old, HS=humongous(starts), HC=humongous(continues), CS=collection set, F=free, OA=open archive, CA=closed archive, TAMS=top-at-mark-start (previous, next)
|   0|0x0000000700000000, 0x0000000700200000, 0x0000000700200000|100%|HS|  |TAMS 0x0000000700200000, 0x0000000700200000| Complete 
|   1|0x0000000700200000, 0x0000000700400000, 0x0000000700400000|100%|HC|  |TAMS 0x0000000700400000, 0x0000000700400000| Complete 
|   2|0x0000000700400000, 0x0000000700600000, 0x0000000700600000|100%| O|  |TAMS 0x0000000700600000, 0x0000000700600000| Untracked 
|   3|0x0000000700600000, 0x0000000700800000, 0x0000000700800000|100%| O|  |TAMS 0x0000000700800000, 0x0000000700800000| Untracked 
|   4|0x0000000700800000, 0x0000000700a00000, 0x0000000700a00000|100%| O|  |TAMS 0x0000000700a00000, 0x0000000700a00000| Untracked 
|   5|0x0000000700a00000, 0x0000000700c00000, 0x0000000700c00000|100%| O|  |TAMS 0x0000000700c00000, 0x0000000700c00000| Untracked 
|   6|0x0000000700c00000, 0x0000000700e00000, 0x0000000700e00000|100%| O|  |TAMS 0x0000000700e00000, 0x0000000700e00000| Untracked 
|   7|0x0000000700e00000, 0x0000000701000000, 0x0000000701000000|100%| O|  |TAMS 0x0000000701000000, 0x0000000701000000| Untracked 
|   8|0x0000000701000000, 0x0000000701200000, 0x0000000701200000|100%| O|  |TAMS 0x0000000701200000, 0x0000000701200000| Untracked 
|   9|0x0000000701200000, 0x0000000701400000, 0x0000000701400000|100%| O|  |TAMS 0x0000000701400000, 0x0000000701400000| Untracked 
|  10|0x0000000701400000, 0x0000000701600000, 0x0000000701600000|100%| O|  |TAMS 0x0000000701600000, 0x0000000701600000| Untracked 
|  11|0x0000000701600000, 0x0000000701800000, 0x0000000701800000|100%| O|  |TAMS 0x0000000701800000, 0x0000000701800000| Untracked 
|  12|0x0000000701800000, 0x0000000701a00000, 0x0000000701a00000|100%| O|  |TAMS 0x0000000701a00000, 0x0000000701a00000| Untracked 
|  13|0x0000000701a00000, 0x0000000701c00000, 0x0000000701c00000|100%| O|  |TAMS 0x0000000701c00000, 0x0000000701c00000| Untracked 
|  14|0x0000000701c00000, 0x0000000701e00000, 0x0000000701e00000|100%| O|  |TAMS 0x0000000701e00000, 0x0000000701e00000| Untracked 
|  15|0x0000000701e00000, 0x0000000702000000, 0x0000000702000000|100%| O|  |TAMS 0x0000000702000000, 0x0000000702000000| Untracked 
|  16|0x0000000702000000, 0x0000000702200000, 0x0000000702200000|100%| O|  |TAMS 0x0000000702200000, 0x0000000702200000| Untracked 
|  17|0x0000000702200000, 0x0000000702400000, 0x0000000702400000|100%| O|  |TAMS 0x0000000702400000, 0x0000000702400000| Untracked 
|  18|0x0000000702400000, 0x0000000702600000, 0x0000000702600000|100%| O|  |TAMS 0x0000000702600000, 0x0000000702600000| Untracked 
|  19|0x0000000702600000, 0x0000000702800000, 0x0000000702800000|100%| O|  |TAMS 0x0000000702800000, 0x0000000702800000| Untracked 
|  20|0x0000000702800000, 0x0000000702a00000, 0x0000000702a00000|100%| O|  |TAMS 0x0000000702a00000, 0x0000000702a00000| Untracked 
|  21|0x0000000702a00000, 0x0000000702c00000, 0x0000000702c00000|100%| O|  |TAMS 0x0000000702c00000, 0x0000000702c00000| Untracked 
|  22|0x0000000702c00000, 0x0000000702e00000, 0x0000000702e00000|100%| O|  |TAMS 0x0000000702e00000, 0x0000000702e00000| Untracked 
|  23|0x0000000702e00000, 0x0000000703000000, 0x0000000703000000|100%| O|  |TAMS 0x0000000703000000, 0x0000000703000000| Untracked 
|  24|0x0000000703000000, 0x0000000703200000, 0x0000000703200000|100%| O|  |TAMS 0x0000000703200000, 0x0000000703200000| Untracked 
|  25|0x0000000703200000, 0x0000000703400000, 0x0000000703400000|100%| O|  |TAMS 0x0000000703200000, 0x0000000703400000| Untracked 
|  26|0x0000000703400000, 0x0000000703600000, 0x0000000703600000|100%| O|  |TAMS 0x0000000703400000, 0x0000000703600000| Untracked 
|  27|0x0000000703600000, 0x0000000703800000, 0x0000000703800000|100%| O|  |TAMS 0x0000000703600000, 0x0000000703800000| Untracked 
|  28|0x0000000703800000, 0x0000000703a00000, 0x0000000703a00000|100%| O|  |TAMS 0x0000000703800000, 0x0000000703a00000| Untracked 
|  29|0x0000000703a00000, 0x0000000703c00000, 0x0000000703c00000|100%| O|  |TAMS 0x0000000703a00000, 0x0000000703c00000| Untracked 
|  30|0x0000000703c00000, 0x0000000703e00000, 0x0000000703e00000|100%| O|  |TAMS 0x0000000703c00000, 0x0000000703c9f200| Untracked 
|  31|0x0000000703e00000, 0x0000000704000000, 0x0000000704000000|100%| O|  |TAMS 0x0000000704000000, 0x0000000704000000| Untracked 
|  32|0x0000000704000000, 0x0000000704200000, 0x0000000704200000|100%| O|  |TAMS 0x0000000704200000, 0x0000000704200000| Untracked 
|  33|0x0000000704200000, 0x0000000704400000, 0x0000000704400000|100%| O|  |TAMS 0x0000000704400000, 0x0000000704400000| Untracked 
|  34|0x0000000704400000, 0x0000000704600000, 0x0000000704600000|100%| O|  |TAMS 0x0000000704600000, 0x0000000704600000| Untracked 
|  35|0x0000000704600000, 0x0000000704800000, 0x0000000704800000|100%| O|  |TAMS 0x0000000704800000, 0x0000000704800000| Untracked 
|  36|0x0000000704800000, 0x0000000704a00000, 0x0000000704a00000|100%|HS|  |TAMS 0x0000000704800000, 0x0000000704800000| Complete 
|  37|0x0000000704a00000, 0x0000000704c00000, 0x0000000704c00000|100%|HS|  |TAMS 0x0000000704a00000, 0x0000000704a00000| Complete 
|  38|0x0000000704c00000, 0x0000000704e00000, 0x0000000704e00000|100%|HS|  |TAMS 0x0000000704c00000, 0x0000000704c00000| Complete 
|  39|0x0000000704e00000, 0x0000000705000000, 0x0000000705000000|100%|HS|  |TAMS 0x0000000704e00000, 0x0000000704e00000| Complete 
|  40|0x0000000705000000, 0x0000000705000000, 0x0000000705200000|  0%| F|  |TAMS 0x0000000705000000, 0x0000000705000000| Untracked 
|  41|0x0000000705200000, 0x0000000705200000, 0x0000000705400000|  0%| F|  |TAMS 0x0000000705200000, 0x0000000705200000| Untracked 
|  42|0x0000000705400000, 0x0000000705400000, 0x0000000705600000|  0%| F|  |TAMS 0x0000000705400000, 0x0000000705400000| Untracked 
|  43|0x0000000705600000, 0x0000000705600000, 0x0000000705800000|  0%| F|  |TAMS 0x0000000705600000, 0x0000000705600000| Untracked 
|  44|0x0000000705800000, 0x0000000705800000, 0x0000000705a00000|  0%| F|  |TAMS 0x0000000705800000, 0x0000000705800000| Untracked 
|  45|0x0000000705a00000, 0x0000000705a00000, 0x0000000705c00000|  0%| F|  |TAMS 0x0000000705a00000, 0x0000000705a00000| Untracked 
|  46|0x0000000705c00000, 0x0000000705c00000, 0x0000000705e00000|  0%| F|  |TAMS 0x0000000705c00000, 0x0000000705c00000| Untracked 
|  47|0x0000000705e00000, 0x0000000706000000, 0x0000000706000000|100%|HS|  |TAMS 0x0000000705e00000, 0x0000000706000000| Complete 
|  48|0x0000000706000000, 0x0000000706200000, 0x0000000706200000|100%|HS|  |TAMS 0x0000000706000000, 0x0000000706200000| Complete 
|  49|0x0000000706200000, 0x0000000706400000, 0x0000000706400000|100%|HS|  |TAMS 0x0000000706200000, 0x0000000706400000| Complete 
|  50|0x0000000706400000, 0x0000000706600000, 0x0000000706600000|100%|HS|  |TAMS 0x0000000706400000, 0x0000000706600000| Complete 
|  51|0x0000000706600000, 0x0000000706800000, 0x0000000706800000|100%|HS|  |TAMS 0x0000000706600000, 0x0000000706800000| Complete 
|  52|0x0000000706800000, 0x0000000706a00000, 0x0000000706a00000|100%|HS|  |TAMS 0x0000000706800000, 0x0000000706a00000| Complete 
|  53|0x0000000706a00000, 0x0000000706c00000, 0x0000000706c00000|100%|HS|  |TAMS 0x0000000706a00000, 0x0000000706c00000| Complete 
|  54|0x0000000706c00000, 0x0000000706d51a00, 0x0000000706e00000| 65%| O|  |TAMS 0x0000000706c00000, 0x0000000706c00000| Untracked 
|  55|0x0000000706e00000, 0x0000000706e00000, 0x0000000707000000|  0%| F|  |TAMS 0x0000000706e00000, 0x0000000706e00000| Untracked 
|  56|0x0000000707000000, 0x0000000707000000, 0x0000000707200000|  0%| F|  |TAMS 0x0000000707000000, 0x0000000707000000| Untracked 
|  57|0x0000000707200000, 0x0000000707200000, 0x0000000707400000|  0%| F|  |TAMS 0x0000000707200000, 0x0000000707200000| Untracked 
|  58|0x0000000707400000, 0x0000000707400000, 0x0000000707600000|  0%| F|  |TAMS 0x0000000707400000, 0x0000000707400000| Untracked 
|  59|0x0000000707600000, 0x0000000707600000, 0x0000000707800000|  0%| F|  |TAMS 0x0000000707600000, 0x0000000707600000| Untracked 
|  60|0x0000000707800000, 0x0000000707800000, 0x0000000707a00000|  0%| F|  |TAMS 0x0000000707800000, 0x0000000707800000| Untracked 
|  61|0x0000000707a00000, 0x0000000707a00000, 0x0000000707c00000|  0%| F|  |TAMS 0x0000000707a00000, 0x0000000707a00000| Untracked 
|  62|0x0000000707c00000, 0x0000000707e00000, 0x0000000707e00000|100%| O|  |TAMS 0x0000000707e00000, 0x0000000707e00000| Untracked 
|  63|0x0000000707e00000, 0x0000000707e757d8, 0x0000000708000000| 22%| S|CS|TAMS 0x0000000707e00000, 0x0000000707e00000| Complete 
|  64|0x0000000708000000, 0x0000000708200000, 0x0000000708200000|100%| S|CS|TAMS 0x0000000708000000, 0x0000000708000000| Complete 
|  65|0x0000000708200000, 0x0000000708400000, 0x0000000708400000|100%| S|CS|TAMS 0x0000000708200000, 0x0000000708200000| Complete 
|  66|0x0000000708400000, 0x0000000708400000, 0x0000000708600000|  0%| F|  |TAMS 0x0000000708400000, 0x0000000708400000| Untracked 
|  67|0x0000000708600000, 0x0000000708800000, 0x0000000708800000|100%| S|CS|TAMS 0x0000000708600000, 0x0000000708600000| Complete 
|  68|0x0000000708800000, 0x0000000708a00000, 0x0000000708a00000|100%| S|CS|TAMS 0x0000000708800000, 0x0000000708800000| Complete 
|  69|0x0000000708a00000, 0x0000000708c00000, 0x0000000708c00000|100%| S|CS|TAMS 0x0000000708a00000, 0x0000000708a00000| Complete 
|  70|0x0000000708c00000, 0x0000000708e00000, 0x0000000708e00000|100%| S|CS|TAMS 0x0000000708c00000, 0x0000000708c00000| Complete 
|  71|0x0000000708e00000, 0x0000000708e00000, 0x0000000709000000|  0%| F|  |TAMS 0x0000000708e00000, 0x0000000708e00000| Untracked 
|  72|0x0000000709000000, 0x0000000709000000, 0x0000000709200000|  0%| F|  |TAMS 0x0000000709000000, 0x0000000709000000| Untracked 
|  73|0x0000000709200000, 0x0000000709200000, 0x0000000709400000|  0%| F|  |TAMS 0x0000000709200000, 0x0000000709200000| Untracked 
|  74|0x0000000709400000, 0x0000000709400000, 0x0000000709600000|  0%| F|  |TAMS 0x0000000709400000, 0x0000000709400000| Untracked 
|  75|0x0000000709600000, 0x0000000709600000, 0x0000000709800000|  0%| F|  |TAMS 0x0000000709600000, 0x0000000709600000| Untracked 
|  76|0x0000000709800000, 0x0000000709800000, 0x0000000709a00000|  0%| F|  |TAMS 0x0000000709800000, 0x0000000709800000| Untracked 
|  77|0x0000000709a00000, 0x0000000709a00000, 0x0000000709c00000|  0%| F|  |TAMS 0x0000000709a00000, 0x0000000709a00000| Untracked 
|  78|0x0000000709c00000, 0x0000000709c00000, 0x0000000709e00000|  0%| F|  |TAMS 0x0000000709c00000, 0x0000000709c00000| Untracked 
|  79|0x0000000709e00000, 0x0000000709e00000, 0x000000070a000000|  0%| F|  |TAMS 0x0000000709e00000, 0x0000000709e00000| Untracked 
|  80|0x000000070a000000, 0x000000070a000000, 0x000000070a200000|  0%| F|  |TAMS 0x000000070a000000, 0x000000070a000000| Untracked 
|  81|0x000000070a200000, 0x000000070a200000, 0x000000070a400000|  0%| F|  |TAMS 0x000000070a200000, 0x000000070a200000| Untracked 
|  82|0x000000070a400000, 0x000000070a400000, 0x000000070a600000|  0%| F|  |TAMS 0x000000070a400000, 0x000000070a400000| Untracked 
|  83|0x000000070a600000, 0x000000070a600000, 0x000000070a800000|  0%| F|  |TAMS 0x000000070a600000, 0x000000070a600000| Untracked 
|  84|0x000000070a800000, 0x000000070a800000, 0x000000070aa00000|  0%| F|  |TAMS 0x000000070a800000, 0x000000070a800000| Untracked 
|  85|0x000000070aa00000, 0x000000070aa00000, 0x000000070ac00000|  0%| F|  |TAMS 0x000000070aa00000, 0x000000070aa00000| Untracked 
|  86|0x000000070ac00000, 0x000000070ac00000, 0x000000070ae00000|  0%| F|  |TAMS 0x000000070ac00000, 0x000000070ac00000| Untracked 
|  87|0x000000070ae00000, 0x000000070ae00000, 0x000000070b000000|  0%| F|  |TAMS 0x000000070ae00000, 0x000000070ae00000| Untracked 
|  88|0x000000070b000000, 0x000000070b000000, 0x000000070b200000|  0%| F|  |TAMS 0x000000070b000000, 0x000000070b000000| Untracked 
|  89|0x000000070b200000, 0x000000070b200000, 0x000000070b400000|  0%| F|  |TAMS 0x000000070b200000, 0x000000070b200000| Untracked 
|  90|0x000000070b400000, 0x000000070b400000, 0x000000070b600000|  0%| F|  |TAMS 0x000000070b400000, 0x000000070b400000| Untracked 
|  91|0x000000070b600000, 0x000000070b600000, 0x000000070b800000|  0%| F|  |TAMS 0x000000070b600000, 0x000000070b600000| Untracked 
|  92|0x000000070b800000, 0x000000070b800000, 0x000000070ba00000|  0%| F|  |TAMS 0x000000070b800000, 0x000000070b800000| Untracked 
|  93|0x000000070ba00000, 0x000000070ba00000, 0x000000070bc00000|  0%| F|  |TAMS 0x000000070ba00000, 0x000000070ba00000| Untracked 
|  94|0x000000070bc00000, 0x000000070bc00000, 0x000000070be00000|  0%| F|  |TAMS 0x000000070bc00000, 0x000000070bc00000| Untracked 
|  95|0x000000070be00000, 0x000000070be00000, 0x000000070c000000|  0%| F|  |TAMS 0x000000070be00000, 0x000000070be00000| Untracked 
|  96|0x000000070c000000, 0x000000070c000000, 0x000000070c200000|  0%| F|  |TAMS 0x000000070c000000, 0x000000070c000000| Untracked 
|  97|0x000000070c200000, 0x000000070c200000, 0x000000070c400000|  0%| F|  |TAMS 0x000000070c200000, 0x000000070c200000| Untracked 
|  98|0x000000070c400000, 0x000000070c481f08, 0x000000070c600000| 25%| E|  |TAMS 0x000000070c400000, 0x000000070c400000| Complete 
|  99|0x000000070c600000, 0x000000070c800000, 0x000000070c800000|100%| E|CS|TAMS 0x000000070c600000, 0x000000070c600000| Complete 
| 100|0x000000070c800000, 0x000000070ca00000, 0x000000070ca00000|100%| E|CS|TAMS 0x000000070c800000, 0x000000070c800000| Complete 
| 101|0x000000070ca00000, 0x000000070cc00000, 0x000000070cc00000|100%| E|CS|TAMS 0x000000070ca00000, 0x000000070ca00000| Complete 
| 102|0x000000070cc00000, 0x000000070ce00000, 0x000000070ce00000|100%| E|CS|TAMS 0x000000070cc00000, 0x000000070cc00000| Complete 
| 103|0x000000070ce00000, 0x000000070d000000, 0x000000070d000000|100%| E|CS|TAMS 0x000000070ce00000, 0x000000070ce00000| Complete 
| 104|0x000000070d000000, 0x000000070d200000, 0x000000070d200000|100%| E|CS|TAMS 0x000000070d000000, 0x000000070d000000| Complete 
| 105|0x000000070d200000, 0x000000070d400000, 0x000000070d400000|100%| E|CS|TAMS 0x000000070d200000, 0x000000070d200000| Complete 
| 106|0x000000070d400000, 0x000000070d600000, 0x000000070d600000|100%| E|CS|TAMS 0x000000070d400000, 0x000000070d400000| Complete 
| 107|0x000000070d600000, 0x000000070d800000, 0x000000070d800000|100%| E|CS|TAMS 0x000000070d600000, 0x000000070d600000| Complete 
| 108|0x000000070d800000, 0x000000070da00000, 0x000000070da00000|100%| E|CS|TAMS 0x000000070d800000, 0x000000070d800000| Complete 
| 109|0x000000070da00000, 0x000000070dc00000, 0x000000070dc00000|100%| E|CS|TAMS 0x000000070da00000, 0x000000070da00000| Complete 
| 110|0x000000070dc00000, 0x000000070de00000, 0x000000070de00000|100%| E|CS|TAMS 0x000000070dc00000, 0x000000070dc00000| Complete 
| 111|0x000000070de00000, 0x000000070e000000, 0x000000070e000000|100%| E|CS|TAMS 0x000000070de00000, 0x000000070de00000| Complete 
| 112|0x000000070e000000, 0x000000070e200000, 0x000000070e200000|100%| E|CS|TAMS 0x000000070e000000, 0x000000070e000000| Complete 
| 113|0x000000070e200000, 0x000000070e400000, 0x000000070e400000|100%| E|CS|TAMS 0x000000070e200000, 0x000000070e200000| Complete 
| 114|0x000000070e400000, 0x000000070e600000, 0x000000070e600000|100%| E|CS|TAMS 0x000000070e400000, 0x000000070e400000| Complete 
| 115|0x000000070e600000, 0x000000070e800000, 0x000000070e800000|100%| E|CS|TAMS 0x000000070e600000, 0x000000070e600000| Complete 
| 116|0x000000070e800000, 0x000000070ea00000, 0x000000070ea00000|100%| E|CS|TAMS 0x000000070e800000, 0x000000070e800000| Complete 
| 117|0x000000070ea00000, 0x000000070ec00000, 0x000000070ec00000|100%| E|CS|TAMS 0x000000070ea00000, 0x000000070ea00000| Complete 
| 118|0x000000070ec00000, 0x000000070ee00000, 0x000000070ee00000|100%| E|CS|TAMS 0x000000070ec00000, 0x000000070ec00000| Complete 
| 119|0x000000070ee00000, 0x000000070f000000, 0x000000070f000000|100%| E|  |TAMS 0x000000070ee00000, 0x000000070ee00000| Complete 
| 135|0x0000000710e00000, 0x0000000711000000, 0x0000000711000000|100%| E|CS|TAMS 0x0000000710e00000, 0x0000000710e00000| Complete 
| 136|0x0000000711000000, 0x0000000711200000, 0x0000000711200000|100%| E|CS|TAMS 0x0000000711000000, 0x0000000711000000| Complete 
| 137|0x0000000711200000, 0x0000000711400000, 0x0000000711400000|100%| E|CS|TAMS 0x0000000711200000, 0x0000000711200000| Complete 
|2047|0x00000007ffe00000, 0x0000000800000000, 0x0000000800000000|100%| O|  |TAMS 0x0000000800000000, 0x0000000800000000| Untracked 

Card table byte_map: [0x000002885d9b0000,0x000002885e1b0000] _byte_map_base: 0x000002885a1b0000

Marking Bits (Prev, Next): (CMBitMap*) 0x0000028846737df0, (CMBitMap*) 0x0000028846737e30
 Prev Bits: [0x000002885e9b0000, 0x00000288629b0000)
 Next Bits: [0x00000288629b0000, 0x00000288669b0000)

Polling page: 0x0000028845ec0000

Metaspace:

Usage:
  Non-class:     60.93 MB used.
      Class:      9.56 MB used.
       Both:     70.48 MB used.

Virtual space:
  Non-class space:       64.00 MB reserved,      61.31 MB ( 96%) committed,  8 nodes.
      Class space:        1.00 GB reserved,       9.88 MB ( <1%) committed,  1 nodes.
             Both:        1.06 GB reserved,      71.19 MB (  7%) committed. 

Chunk freelists:
   Non-Class:  2.75 MB
       Class:  2.13 MB
        Both:  4.88 MB

MaxMetaspaceSize: unlimited
CompressedClassSpaceSize: 1.00 GB
Initial GC threshold: 21.00 MB
Current GC threshold: 107.50 MB
CDS: on
MetaspaceReclaimPolicy: balanced
 - commit_granule_bytes: 65536.
 - commit_granule_words: 8192.
 - virtual_space_node_default_size: 1048576.
 - enlarge_chunks_in_place: 1.
 - new_chunks_are_fully_committed: 0.
 - uncommit_free_chunks: 1.
 - use_allocation_guard: 0.
 - handle_deallocations: 1.


Internal statistics:

num_allocs_failed_limit: 6.
num_arena_births: 812.
num_arena_deaths: 0.
num_vsnodes_births: 9.
num_vsnodes_deaths: 0.
num_space_committed: 1139.
num_space_uncommitted: 0.
num_chunks_returned_to_freelist: 6.
num_chunks_taken_from_freelist: 3612.
num_chunk_merges: 6.
num_chunk_splits: 2431.
num_chunks_enlarged: 1654.
num_purges: 0.
num_inconsistent_stats: 0.

CodeHeap 'non-profiled nmethods': size=120000Kb used=5963Kb max_used=5963Kb free=114036Kb
 bounds [0x0000028855c80000, 0x0000028856260000, 0x000002885d1b0000]
CodeHeap 'profiled nmethods': size=120000Kb used=17105Kb max_used=17105Kb free=102894Kb
 bounds [0x000002884e750000, 0x000002884f810000, 0x0000028855c80000]
CodeHeap 'non-nmethods': size=5760Kb used=2446Kb max_used=2529Kb free=3313Kb
 bounds [0x000002884e1b0000, 0x000002884e440000, 0x000002884e750000]
 total_blobs=9511 nmethods=8601 adapters=822
 compilation: enabled
              stopped_count=0, restarted_count=0
 full_count=0

Compilation events (20 events):
Event: 72.697 Thread 0x000002886982a4b0 nmethod 9957 0x0000028856241690 code [0x0000028856241820, 0x00000288562418f8]
Event: 82.687 Thread 0x0000028869829ac0 9959 %     4       java.util.AbstractCollection::addAll @ 9 (42 bytes)
Event: 82.687 Thread 0x000002886982a4b0 9960       1       org.gradle.cache.internal.filelock.LockOptionsBuilder::getMode (5 bytes)
Event: 82.688 Thread 0x000002886982a4b0 nmethod 9960 0x0000028856241c90 code [0x0000028856241e20, 0x0000028856241ef8]
Event: 82.688 Thread 0x000002886982a4b0 9961       3       java.io.FileInputStream$1::<init> (10 bytes)
Event: 82.689 Thread 0x000002886982a4b0 nmethod 9961 0x000002884f805c90 code [0x000002884f805e20, 0x000002884f805ff8]
Event: 82.724 Thread 0x0000028869829ac0 nmethod 9959% 0x0000028856241f90 code [0x0000028856242220, 0x0000028856244730]
Event: 84.408 Thread 0x000002886982a4b0 9962       3       java.util.HashMap$Values::spliterator (16 bytes)
Event: 84.409 Thread 0x000002886982a4b0 nmethod 9962 0x000002884f806090 code [0x000002884f806240, 0x000002884f806408]
Event: 91.375 Thread 0x0000028869829ac0 9963       4       javax.management.ObjectName::construct (1135 bytes)
Event: 91.557 Thread 0x0000028869829ac0 nmethod 9963 0x0000028856245510 code [0x00000288562458c0, 0x000002885624cf28]
Event: 92.693 Thread 0x0000028869829ac0 9964       4       java.io.File::exists (34 bytes)
Event: 92.694 Thread 0x000002886982a4b0 9965       3       java.io.File::toString (5 bytes)
Event: 92.694 Thread 0x000002886982a4b0 nmethod 9965 0x000002884f806510 code [0x000002884f8066a0, 0x000002884f8067d8]
Event: 92.695 Thread 0x0000028869829ac0 nmethod 9964 0x0000028856250690 code [0x0000028856250820, 0x0000028856250b68]
Event: 94.872 Thread 0x0000028869829ac0 9966       4       org.gradle.internal.event.BroadcastDispatch$SingletonDispatch::dispatch (9 bytes)
Event: 94.878 Thread 0x0000028869829ac0 nmethod 9966 0x0000028856250e10 code [0x0000028856251000, 0x0000028856251870]
Event: 94.878 Thread 0x0000028869829ac0 9967   !   4       org.gradle.internal.event.AbstractBroadcastDispatch::dispatch (74 bytes)
Event: 94.884 Thread 0x0000028869829ac0 nmethod 9967 0x0000028856251f90 code [0x0000028856252180, 0x0000028856252950]
Event: 95.077 Thread 0x0000028869829ac0 9968       4       java.lang.reflect.AccessibleObject::checkCanSetAccessible (368 bytes)

GC Heap History (20 events):
Event: 17.124 GC heap before
{Heap before GC invocations=32 (full 0):
 garbage-first heap   total 120832K, used 76839K [0x0000000700000000, 0x0000000800000000)
  region size 2048K, 8 young (16384K), 2 survivors (4096K)
 Metaspace       used 65327K, committed 65984K, reserved 1105920K
  class space    used 8829K, committed 9152K, reserved 1048576K
}
Event: 17.128 GC heap after
{Heap after GC invocations=33 (full 0):
 garbage-first heap   total 120832K, used 67812K [0x0000000700000000, 0x0000000800000000)
  region size 2048K, 1 young (2048K), 1 survivors (2048K)
 Metaspace       used 65327K, committed 65984K, reserved 1105920K
  class space    used 8829K, committed 9152K, reserved 1048576K
}
Event: 17.468 GC heap before
{Heap before GC invocations=33 (full 0):
 garbage-first heap   total 120832K, used 90340K [0x0000000700000000, 0x0000000800000000)
  region size 2048K, 12 young (24576K), 1 survivors (2048K)
 Metaspace       used 65342K, committed 66048K, reserved 1105920K
  class space    used 8829K, committed 9152K, reserved 1048576K
}
Event: 17.471 GC heap after
{Heap after GC invocations=34 (full 0):
 garbage-first heap   total 284672K, used 69280K [0x0000000700000000, 0x0000000800000000)
  region size 2048K, 2 young (4096K), 2 survivors (4096K)
 Metaspace       used 65342K, committed 66048K, reserved 1105920K
  class space    used 8829K, committed 9152K, reserved 1048576K
}
Event: 18.976 GC heap before
{Heap before GC invocations=35 (full 0):
 garbage-first heap   total 253952K, used 185788K [0x0000000700000000, 0x0000000800000000)
  region size 2048K, 59 young (120832K), 2 survivors (4096K)
 Metaspace       used 65351K, committed 66048K, reserved 1105920K
  class space    used 8830K, committed 9152K, reserved 1048576K
}
Event: 18.980 GC heap after
{Heap after GC invocations=36 (full 0):
 garbage-first heap   total 253952K, used 71600K [0x0000000700000000, 0x0000000800000000)
  region size 2048K, 3 young (6144K), 3 survivors (6144K)
 Metaspace       used 65351K, committed 66048K, reserved 1105920K
  class space    used 8830K, committed 9152K, reserved 1048576K
}
Event: 19.658 GC heap before
{Heap before GC invocations=36 (full 0):
 garbage-first heap   total 253952K, used 178096K [0x0000000700000000, 0x0000000800000000)
  region size 2048K, 55 young (112640K), 3 survivors (6144K)
 Metaspace       used 65351K, committed 66048K, reserved 1105920K
  class space    used 8830K, committed 9152K, reserved 1048576K
}
Event: 19.664 GC heap after
{Heap after GC invocations=37 (full 0):
 garbage-first heap   total 253952K, used 73728K [0x0000000700000000, 0x0000000800000000)
  region size 2048K, 4 young (8192K), 4 survivors (8192K)
 Metaspace       used 65351K, committed 66048K, reserved 1105920K
  class space    used 8830K, committed 9152K, reserved 1048576K
}
Event: 20.419 GC heap before
{Heap before GC invocations=37 (full 0):
 garbage-first heap   total 253952K, used 184320K [0x0000000700000000, 0x0000000800000000)
  region size 2048K, 58 young (118784K), 4 survivors (8192K)
 Metaspace       used 65355K, committed 66048K, reserved 1105920K
  class space    used 8830K, committed 9152K, reserved 1048576K
}
Event: 20.425 GC heap after
{Heap after GC invocations=38 (full 0):
 garbage-first heap   total 253952K, used 76135K [0x0000000700000000, 0x0000000800000000)
  region size 2048K, 6 young (12288K), 6 survivors (12288K)
 Metaspace       used 65355K, committed 66048K, reserved 1105920K
  class space    used 8830K, committed 9152K, reserved 1048576K
}
Event: 21.042 GC heap before
{Heap before GC invocations=38 (full 0):
 garbage-first heap   total 253952K, used 188775K [0x0000000700000000, 0x0000000800000000)
  region size 2048K, 61 young (124928K), 6 survivors (12288K)
 Metaspace       used 65355K, committed 66048K, reserved 1105920K
  class space    used 8830K, committed 9152K, reserved 1048576K
}
Event: 21.049 GC heap after
{Heap after GC invocations=39 (full 0):
 garbage-first heap   total 253952K, used 78988K [0x0000000700000000, 0x0000000800000000)
  region size 2048K, 5 young (10240K), 5 survivors (10240K)
 Metaspace       used 65355K, committed 66048K, reserved 1105920K
  class space    used 8830K, committed 9152K, reserved 1048576K
}
Event: 22.230 GC heap before
{Heap before GC invocations=39 (full 0):
 garbage-first heap   total 253952K, used 195724K [0x0000000700000000, 0x0000000800000000)
  region size 2048K, 62 young (126976K), 5 survivors (10240K)
 Metaspace       used 65361K, committed 66048K, reserved 1105920K
  class space    used 8830K, committed 9152K, reserved 1048576K
}
Event: 22.236 GC heap after
{Heap after GC invocations=40 (full 0):
 garbage-first heap   total 253952K, used 80862K [0x0000000700000000, 0x0000000800000000)
  region size 2048K, 5 young (10240K), 5 survivors (10240K)
 Metaspace       used 65361K, committed 66048K, reserved 1105920K
  class space    used 8830K, committed 9152K, reserved 1048576K
}
Event: 23.299 GC heap before
{Heap before GC invocations=40 (full 0):
 garbage-first heap   total 253952K, used 197598K [0x0000000700000000, 0x0000000800000000)
  region size 2048K, 62 young (126976K), 5 survivors (10240K)
 Metaspace       used 65361K, committed 66048K, reserved 1105920K
  class space    used 8830K, committed 9152K, reserved 1048576K
}
Event: 23.306 GC heap after
{Heap after GC invocations=41 (full 0):
 garbage-first heap   total 253952K, used 84833K [0x0000000700000000, 0x0000000800000000)
  region size 2048K, 6 young (12288K), 6 survivors (12288K)
 Metaspace       used 65361K, committed 66048K, reserved 1105920K
  class space    used 8830K, committed 9152K, reserved 1048576K
}
Event: 23.759 GC heap before
{Heap before GC invocations=41 (full 0):
 garbage-first heap   total 253952K, used 199521K [0x0000000700000000, 0x0000000800000000)
  region size 2048K, 62 young (126976K), 6 survivors (12288K)
 Metaspace       used 65361K, committed 66048K, reserved 1105920K
  class space    used 8830K, committed 9152K, reserved 1048576K
}
Event: 23.766 GC heap after
{Heap after GC invocations=42 (full 0):
 garbage-first heap   total 253952K, used 87101K [0x0000000700000000, 0x0000000800000000)
  region size 2048K, 6 young (12288K), 6 survivors (12288K)
 Metaspace       used 65361K, committed 66048K, reserved 1105920K
  class space    used 8830K, committed 9152K, reserved 1048576K
}
Event: 27.154 GC heap before
{Heap before GC invocations=42 (full 0):
 garbage-first heap   total 253952K, used 226365K [0x0000000700000000, 0x0000000800000000)
  region size 2048K, 58 young (118784K), 6 survivors (12288K)
 Metaspace       used 67440K, committed 68096K, reserved 1114112K
  class space    used 9075K, committed 9408K, reserved 1048576K
}
Event: 27.165 GC heap after
{Heap after GC invocations=43 (full 0):
 garbage-first heap   total 253952K, used 106268K [0x0000000700000000, 0x0000000800000000)
  region size 2048K, 7 young (14336K), 7 survivors (14336K)
 Metaspace       used 67440K, committed 68096K, reserved 1114112K
  class space    used 9075K, committed 9408K, reserved 1048576K
}

Deoptimization events (20 events):
Event: 29.004 Thread 0x000002886bb87890 DEOPT PACKING pc=0x000002884f4d1bc4 sp=0x000000c8ac5f6790
Event: 29.004 Thread 0x000002886bb87890 DEOPT UNPACKING pc=0x000002884e202b43 sp=0x000000c8ac5f5c78 mode 1
Event: 29.009 Thread 0x000002886bb87890 DEOPT PACKING pc=0x000002884f4d1bc4 sp=0x000000c8ac5f6290
Event: 29.009 Thread 0x000002886bb87890 DEOPT UNPACKING pc=0x000002884e202b43 sp=0x000000c8ac5f5778 mode 1
Event: 29.010 Thread 0x000002886bb87890 DEOPT PACKING pc=0x000002884f33b129 sp=0x000000c8ac5f6200
Event: 29.010 Thread 0x000002886bb87890 DEOPT UNPACKING pc=0x000002884e202b43 sp=0x000000c8ac5f56f8 mode 1
Event: 29.010 Thread 0x000002886bb87890 DEOPT PACKING pc=0x000002884f4d1bc4 sp=0x000000c8ac5f6370
Event: 29.010 Thread 0x000002886bb87890 DEOPT UNPACKING pc=0x000002884e202b43 sp=0x000000c8ac5f5858 mode 1
Event: 29.101 Thread 0x000002886ef04f40 DEOPT PACKING pc=0x000002884f4d1bc4 sp=0x000000c8b0bfe6b0
Event: 29.101 Thread 0x000002886ef04f40 DEOPT UNPACKING pc=0x000002884e202b43 sp=0x000000c8b0bfdb98 mode 1
Event: 29.101 Thread 0x000002886ef04f40 DEOPT PACKING pc=0x000002884f33b129 sp=0x000000c8b0bfe620
Event: 29.101 Thread 0x000002886ef04f40 DEOPT UNPACKING pc=0x000002884e202b43 sp=0x000000c8b0bfdb18 mode 1
Event: 29.101 Thread 0x000002886ef04f40 DEOPT PACKING pc=0x000002884f4d1bc4 sp=0x000000c8b0bfe790
Event: 29.101 Thread 0x000002886ef04f40 DEOPT UNPACKING pc=0x000002884e202b43 sp=0x000000c8b0bfdc78 mode 1
Event: 29.101 Thread 0x000002886ef04f40 DEOPT PACKING pc=0x000002884f4d1bc4 sp=0x000000c8b0bfe640
Event: 29.101 Thread 0x000002886ef04f40 DEOPT UNPACKING pc=0x000002884e202b43 sp=0x000000c8b0bfdb28 mode 1
Event: 29.101 Thread 0x000002886ef04f40 DEOPT PACKING pc=0x000002884f33b129 sp=0x000000c8b0bfe5b0
Event: 29.101 Thread 0x000002886ef04f40 DEOPT UNPACKING pc=0x000002884e202b43 sp=0x000000c8b0bfdaa8 mode 1
Event: 29.101 Thread 0x000002886ef04f40 DEOPT PACKING pc=0x000002884f4d1bc4 sp=0x000000c8b0bfe720
Event: 29.101 Thread 0x000002886ef04f40 DEOPT UNPACKING pc=0x000002884e202b43 sp=0x000000c8b0bfdc08 mode 1

Classes unloaded (0 events):
No events

Classes redefined (0 events):
No events

Internal exceptions (20 events):
Event: 27.990 Thread 0x000002886ef08430 Exception <a 'java/lang/ClassNotFoundException'{0x000000070dd16cd8}: org/apache/groovy/parser/antlr4/util/StringUtils$4Customizer> (0x000000070dd16cd8) 
thrown [e:\jenkins\tmp\workspace\build\src\src\hotspot\share\classfile\systemDictionary.cpp, line 256]
Event: 27.992 Thread 0x000002886ef08430 Exception <a 'java/lang/ClassNotFoundException'{0x000000070da5f470}: org/apache/groovy/parser/antlr4/util/StringUtils$2BeanInfo> (0x000000070da5f470) 
thrown [e:\jenkins\tmp\workspace\build\src\src\hotspot\share\classfile\systemDictionary.cpp, line 256]
Event: 27.995 Thread 0x000002886ef08430 Exception <a 'java/lang/ClassNotFoundException'{0x000000070db89710}: org/apache/groovy/parser/antlr4/util/StringUtils$2Customizer> (0x000000070db89710) 
thrown [e:\jenkins\tmp\workspace\build\src\src\hotspot\share\classfile\systemDictionary.cpp, line 256]
Event: 27.998 Thread 0x000002886ef08430 Exception <a 'java/lang/ClassNotFoundException'{0x000000070d8d1d50}: org/apache/groovy/parser/antlr4/util/StringUtils$1BeanInfo> (0x000000070d8d1d50) 
thrown [e:\jenkins\tmp\workspace\build\src\src\hotspot\share\classfile\systemDictionary.cpp, line 256]
Event: 28.001 Thread 0x000002886ef08430 Exception <a 'java/lang/ClassNotFoundException'{0x000000070d9fc1f8}: org/apache/groovy/parser/antlr4/util/StringUtils$1Customizer> (0x000000070d9fc1f8) 
thrown [e:\jenkins\tmp\workspace\build\src\src\hotspot\share\classfile\systemDictionary.cpp, line 256]
Event: 28.005 Thread 0x000002886ef08430 Exception <a 'java/lang/ClassNotFoundException'{0x000000070d744840}: org/apache/groovy/parser/antlr4/util/StringUtils$3BeanInfo> (0x000000070d744840) 
thrown [e:\jenkins\tmp\workspace\build\src\src\hotspot\share\classfile\systemDictionary.cpp, line 256]
Event: 28.006 Thread 0x000002886ef08430 Exception <a 'java/lang/ClassNotFoundException'{0x000000070d46ef60}: org/apache/groovy/parser/antlr4/util/StringUtils$3Customizer> (0x000000070d46ef60) 
thrown [e:\jenkins\tmp\workspace\build\src\src\hotspot\share\classfile\systemDictionary.cpp, line 256]
Event: 28.018 Thread 0x000002886ef08430 Exception <a 'java/lang/NoSuchMethodError'{0x000000070d4c83d8}: 'void java.lang.invoke.DirectMethodHandle$Holder.invokeSpecialIFC(java.lang.Object, java.lang.Object, java.lang.Object)'> (0x000000070d4c83d8) 
thrown [e:\jenkins\tmp\workspace\build\src\src\hotspot\share\interpreter\linkResolver.cpp, line 766]
Event: 28.023 Thread 0x000002886ef08430 Implicit null exception at 0x0000028855cd4256 to 0x0000028855cd438c
Event: 28.029 Thread 0x000002886ef08430 Exception <a 'java/lang/NoSuchMethodError'{0x000000070d527c90}: 'int java.lang.invoke.DirectMethodHandle$Holder.invokeSpecial(java.lang.Object, java.lang.Object, java.lang.Object, java.lang.Object, java.lang.Object)'> (0x000000070d527c90) 
thrown [e:\jenkins\tmp\workspace\build\src\src\hotspot\share\interpreter\linkResolver.cpp, line 766]
Event: 28.170 Thread 0x000002886ef08430 Exception <a 'java/lang/ClassNotFoundException'{0x000000070ce83058}: SimpleTemplateScript1BeanInfo> (0x000000070ce83058) 
thrown [e:\jenkins\tmp\workspace\build\src\src\hotspot\share\classfile\systemDictionary.cpp, line 256]
Event: 28.171 Thread 0x000002886ef08430 Exception <a 'java/lang/ClassNotFoundException'{0x000000070ce8ee20}: SimpleTemplateScript1Customizer> (0x000000070ce8ee20) 
thrown [e:\jenkins\tmp\workspace\build\src\src\hotspot\share\classfile\systemDictionary.cpp, line 256]
Event: 28.174 Thread 0x000002886ef08430 Exception <a 'java/lang/ClassNotFoundException'{0x000000070ceb6838}: java/io/PrintWriterBeanInfo> (0x000000070ceb6838) 
thrown [e:\jenkins\tmp\workspace\build\src\src\hotspot\share\classfile\systemDictionary.cpp, line 256]
Event: 28.174 Thread 0x000002886ef08430 Exception <a 'java/lang/ClassNotFoundException'{0x000000070cebc568}: java/io/WriterBeanInfo> (0x000000070cebc568) 
thrown [e:\jenkins\tmp\workspace\build\src\src\hotspot\share\classfile\systemDictionary.cpp, line 256]
Event: 28.175 Thread 0x000002886ef08430 Exception <a 'java/lang/ClassNotFoundException'{0x000000070cec2220}: java/io/WriterCustomizer> (0x000000070cec2220) 
thrown [e:\jenkins\tmp\workspace\build\src\src\hotspot\share\classfile\systemDictionary.cpp, line 256]
Event: 28.176 Thread 0x000002886ef08430 Exception <a 'java/lang/ClassNotFoundException'{0x000000070ced0648}: java/io/PrintWriterCustomizer> (0x000000070ced0648) 
thrown [e:\jenkins\tmp\workspace\build\src\src\hotspot\share\classfile\systemDictionary.cpp, line 256]
Event: 28.257 Thread 0x000002886af18e00 Exception <a 'java/lang/NoSuchMethodError'{0x000000070cc1c7d0}: static Lorg/gradle/internal/build/event/types/DefaultScriptPluginIdentifier;.<clinit>()V> (0x000000070cc1c7d0) 
thrown [e:\jenkins\tmp\workspace\build\src\src\hotspot\share\prims\jni.cpp, line 1107]
Event: 28.987 Thread 0x000002886bb87890 Exception <a 'java/lang/ClassNotFoundException'{0x000000070c8e7230}: com/intellij/openapi/externalSystem/rt/execution/ForkedDebuggerHelperBeanInfo> (0x000000070c8e7230) 
thrown [e:\jenkins\tmp\workspace\build\src\src\hotspot\share\classfile\systemDictionary.cpp, line 256]
Event: 28.987 Thread 0x000002886bb87890 Exception <a 'java/lang/ClassNotFoundException'{0x000000070c8f3c40}: com/intellij/openapi/externalSystem/rt/execution/ForkedDebuggerHelperCustomizer> (0x000000070c8f3c40) 
thrown [e:\jenkins\tmp\workspace\build\src\src\hotspot\share\classfile\systemDictionary.cpp, line 256]
Event: 28.991 Thread 0x000002886bb87890 Exception <a 'java/net/SocketException'{0x000000070c909070}: Socket is not connected: shutdown> (0x000000070c909070) 
thrown [e:\jenkins\tmp\workspace\build\src\src\hotspot\share\prims\jni.cpp, line 535]

VM Operations (20 events):
Event: 29.006 Executing VM operation: ICBufferFull
Event: 29.006 Executing VM operation: ICBufferFull done
Event: 30.017 Executing VM operation: Cleanup
Event: 30.017 Executing VM operation: Cleanup done
Event: 31.026 Executing VM operation: Cleanup
Event: 31.026 Executing VM operation: Cleanup done
Event: 33.036 Executing VM operation: Cleanup
Event: 33.036 Executing VM operation: Cleanup done
Event: 45.167 Executing VM operation: Cleanup
Event: 45.167 Executing VM operation: Cleanup done
Event: 50.221 Executing VM operation: Cleanup
Event: 50.222 Executing VM operation: Cleanup done
Event: 60.327 Executing VM operation: Cleanup
Event: 60.327 Executing VM operation: Cleanup done
Event: 63.359 Executing VM operation: Cleanup
Event: 63.359 Executing VM operation: Cleanup done
Event: 68.409 Executing VM operation: Cleanup
Event: 68.409 Executing VM operation: Cleanup done
Event: 73.462 Executing VM operation: Cleanup
Event: 73.462 Executing VM operation: Cleanup done

Events (20 events):
Event: 28.994 loading class sun/net/spi/DefaultProxySelector$NonProxyInfo
Event: 28.994 loading class sun/net/spi/DefaultProxySelector$NonProxyInfo done
Event: 28.994 loading class sun/net/spi/DefaultProxySelector$3
Event: 28.994 loading class sun/net/spi/DefaultProxySelector$3 done
Event: 28.995 loading class java/net/Socket$SocketOutputStream
Event: 28.995 loading class java/net/Socket$SocketOutputStream done
Event: 28.995 loading class sun/nio/ch/NioSocketImpl$2
Event: 28.995 loading class sun/nio/ch/NioSocketImpl$2 done
Event: 28.995 loading class java/net/Socket$SocketInputStream
Event: 28.995 loading class java/net/Socket$SocketInputStream done
Event: 28.995 loading class sun/nio/ch/NioSocketImpl$1
Event: 28.995 loading class sun/nio/ch/NioSocketImpl$1 done
Event: 29.010 loading class java/util/stream/ReduceOps$2
Event: 29.010 loading class java/util/stream/ReduceOps$2 done
Event: 29.010 loading class java/util/stream/ReduceOps$2ReducingSink
Event: 29.095 loading class java/util/stream/ReduceOps$2ReducingSink done
Event: 29.096 Thread 0x000002887090f380 Thread exited: 0x000002887090f380
Event: 29.101 Thread 0x0000028870ec3fe0 Thread added: 0x0000028870ec3fe0
Event: 29.102 Thread 0x0000028870ec0fc0 Thread added: 0x0000028870ec0fc0
Event: 75.215 Thread 0x000002886ef06750 Thread exited: 0x000002886ef06750


Dynamic libraries:
0x00007ff739120000 - 0x00007ff73912e000 	C:\Program Files\Eclipse Adoptium\jdk-17.0.1.12-hotspot\bin\java.exe
0x00007ffc5a810000 - 0x00007ffc5aa05000 	C:\WINDOWS\SYSTEM32\ntdll.dll
0x00007ffc596a0000 - 0x00007ffc5975e000 	C:\WINDOWS\System32\KERNEL32.DLL
0x00007ffc58040000 - 0x00007ffc58308000 	C:\WINDOWS\System32\KERNELBASE.dll
0x00007ffc58310000 - 0x00007ffc58410000 	C:\WINDOWS\System32\ucrtbase.dll
0x00007ffc4fda0000 - 0x00007ffc4fdb9000 	C:\Program Files\Eclipse Adoptium\jdk-17.0.1.12-hotspot\bin\VCRUNTIME140.dll
0x00007ffc4f330000 - 0x00007ffc4f348000 	C:\Program Files\Eclipse Adoptium\jdk-17.0.1.12-hotspot\bin\jli.dll
0x00007ffc59070000 - 0x00007ffc59210000 	C:\WINDOWS\System32\USER32.dll
0x00007ffc58530000 - 0x00007ffc58552000 	C:\WINDOWS\System32\win32u.dll
0x00007ffc58870000 - 0x00007ffc5889b000 	C:\WINDOWS\System32\GDI32.dll
0x00007ffc57f30000 - 0x00007ffc5803b000 	C:\WINDOWS\System32\gdi32full.dll
0x00007ffc46140000 - 0x00007ffc463da000 	C:\WINDOWS\WinSxS\amd64_microsoft.windows.common-controls_6595b64144ccf1df_6.0.19041.1110_none_60b5254171f9507e\COMCTL32.dll
0x00007ffc58740000 - 0x00007ffc587dd000 	C:\WINDOWS\System32\msvcp_win.dll
0x00007ffc59590000 - 0x00007ffc5962e000 	C:\WINDOWS\System32\msvcrt.dll
0x00007ffc58a80000 - 0x00007ffc58ab0000 	C:\WINDOWS\System32\IMM32.DLL
0x00007ffc53730000 - 0x00007ffc5373c000 	C:\Program Files\Eclipse Adoptium\jdk-17.0.1.12-hotspot\bin\vcruntime140_1.dll
0x00007ffc32350000 - 0x00007ffc323e1000 	C:\Program Files\Eclipse Adoptium\jdk-17.0.1.12-hotspot\bin\msvcp140.dll
0x00007ffbd0ff0000 - 0x00007ffbd1c36000 	C:\Program Files\Eclipse Adoptium\jdk-17.0.1.12-hotspot\bin\server\jvm.dll
0x00007ffc58e90000 - 0x00007ffc58f3e000 	C:\WINDOWS\System32\ADVAPI32.dll
0x00007ffc59ff0000 - 0x00007ffc5a08c000 	C:\WINDOWS\System32\sechost.dll
0x00007ffc59460000 - 0x00007ffc59585000 	C:\WINDOWS\System32\RPCRT4.dll
0x00007ffc5a610000 - 0x00007ffc5a618000 	C:\WINDOWS\System32\PSAPI.DLL
0x00007ffc3e110000 - 0x00007ffc3e119000 	C:\WINDOWS\SYSTEM32\WSOCK32.dll
0x00007ffc4bbe0000 - 0x00007ffc4bc07000 	C:\WINDOWS\SYSTEM32\WINMM.dll
0x00007ffc52540000 - 0x00007ffc5254a000 	C:\WINDOWS\SYSTEM32\VERSION.dll
0x00007ffc59630000 - 0x00007ffc5969b000 	C:\WINDOWS\System32\WS2_32.dll
0x00007ffc55e20000 - 0x00007ffc55e32000 	C:\WINDOWS\SYSTEM32\kernel.appcore.dll
0x00007ffc4fce0000 - 0x00007ffc4fcea000 	C:\Program Files\Eclipse Adoptium\jdk-17.0.1.12-hotspot\bin\jimage.dll
0x00007ffc50f00000 - 0x00007ffc510e4000 	C:\WINDOWS\SYSTEM32\DBGHELP.DLL
0x00007ffc51120000 - 0x00007ffc5114c000 	C:\WINDOWS\SYSTEM32\dbgcore.DLL
0x00007ffc587e0000 - 0x00007ffc58862000 	C:\WINDOWS\System32\bcryptPrimitives.dll
0x00007ffc31cc0000 - 0x00007ffc31cfb000 	C:\Program Files\Eclipse Adoptium\jdk-17.0.1.12-hotspot\bin\jdwp.dll
0x00007ffc4b8e0000 - 0x00007ffc4b905000 	C:\Program Files\Eclipse Adoptium\jdk-17.0.1.12-hotspot\bin\java.dll
0x00007ffc23d70000 - 0x00007ffc23e46000 	C:\Program Files\Eclipse Adoptium\jdk-17.0.1.12-hotspot\bin\svml.dll
0x00007ffc59760000 - 0x00007ffc59ea4000 	C:\WINDOWS\System32\SHELL32.dll
0x00007ffc56020000 - 0x00007ffc567b4000 	C:\WINDOWS\SYSTEM32\windows.storage.dll
0x00007ffc58b30000 - 0x00007ffc58e84000 	C:\WINDOWS\System32\combase.dll
0x00007ffc577e0000 - 0x00007ffc5780c000 	C:\WINDOWS\SYSTEM32\Wldp.dll
0x00007ffc5a500000 - 0x00007ffc5a5ad000 	C:\WINDOWS\System32\SHCORE.dll
0x00007ffc58f40000 - 0x00007ffc58f95000 	C:\WINDOWS\System32\shlwapi.dll
0x00007ffc57e70000 - 0x00007ffc57e8f000 	C:\WINDOWS\SYSTEM32\profapi.dll
0x00007ffc4fde0000 - 0x00007ffc4fdec000 	C:\Program Files\Eclipse Adoptium\jdk-17.0.1.12-hotspot\bin\dt_socket.dll
0x00007ffc572d0000 - 0x00007ffc5730b000 	C:\WINDOWS\SYSTEM32\IPHLPAPI.DLL
0x00007ffc575c0000 - 0x00007ffc5762a000 	C:\WINDOWS\system32\mswsock.dll
0x00007ffc3fb70000 - 0x00007ffc3fb89000 	C:\Program Files\Eclipse Adoptium\jdk-17.0.1.12-hotspot\bin\net.dll
0x00007ffc50440000 - 0x00007ffc50549000 	C:\WINDOWS\SYSTEM32\WINHTTP.dll
0x00007ffc3f7b0000 - 0x00007ffc3f7c5000 	C:\Program Files\Eclipse Adoptium\jdk-17.0.1.12-hotspot\bin\nio.dll
0x00007ffc3b1c0000 - 0x00007ffc3b1d8000 	C:\Program Files\Eclipse Adoptium\jdk-17.0.1.12-hotspot\bin\zip.dll
0x00007ffc4b840000 - 0x00007ffc4b850000 	C:\Program Files\Eclipse Adoptium\jdk-17.0.1.12-hotspot\bin\verify.dll
0x00007ffc33120000 - 0x00007ffc33147000 	C:\Users\Birb\.gradle\native\e1d6ef7f7dcc3fd88c89a11ec53ec762bb8ba0a96d01ffa2cd45eb1d1d8dd5c5\windows-amd64\native-platform.dll
0x00007ffc1b1f0000 - 0x00007ffc1b334000 	C:\Users\Birb\.gradle\native\5664cfc778a61ccfe75a443a1ab52a65af34e5dc3c78e0209fed803814484fcb\windows-amd64\native-platform-file-events.dll
0x00007ffc4b7b0000 - 0x00007ffc4b7b9000 	C:\Program Files\Eclipse Adoptium\jdk-17.0.1.12-hotspot\bin\management.dll
0x00007ffc3f730000 - 0x00007ffc3f73b000 	C:\Program Files\Eclipse Adoptium\jdk-17.0.1.12-hotspot\bin\management_ext.dll
0x00007ffc57820000 - 0x00007ffc57838000 	C:\WINDOWS\SYSTEM32\CRYPTSP.dll
0x00007ffc56f60000 - 0x00007ffc56f94000 	C:\WINDOWS\system32\rsaenh.dll
0x00007ffc586c0000 - 0x00007ffc586e7000 	C:\WINDOWS\System32\bcrypt.dll
0x00007ffc57e30000 - 0x00007ffc57e5e000 	C:\WINDOWS\SYSTEM32\USERENV.dll
0x00007ffc57750000 - 0x00007ffc5775c000 	C:\WINDOWS\SYSTEM32\CRYPTBASE.dll
0x00007ffc59eb0000 - 0x00007ffc59eb8000 	C:\WINDOWS\System32\NSI.dll
0x00007ffc52430000 - 0x00007ffc52447000 	C:\WINDOWS\SYSTEM32\dhcpcsvc6.DLL
0x00007ffc52410000 - 0x00007ffc5242d000 	C:\WINDOWS\SYSTEM32\dhcpcsvc.DLL
0x00007ffc57310000 - 0x00007ffc573da000 	C:\WINDOWS\SYSTEM32\DNSAPI.dll
0x00007ffc3f010000 - 0x00007ffc3f01e000 	C:\Program Files\Eclipse Adoptium\jdk-17.0.1.12-hotspot\bin\sunmscapi.dll
0x00007ffc58560000 - 0x00007ffc586b6000 	C:\WINDOWS\System32\CRYPT32.dll
0x00007ffc57930000 - 0x00007ffc57957000 	C:\WINDOWS\SYSTEM32\ncrypt.dll
0x00007ffc578f0000 - 0x00007ffc5792b000 	C:\WINDOWS\SYSTEM32\NTASN1.dll
0x00007ffc3b1b0000 - 0x00007ffc3b1b7000 	C:\WINDOWS\system32\wshunix.dll
0x00007ffc56c30000 - 0x00007ffc56c63000 	C:\WINDOWS\SYSTEM32\ntmarta.dll

dbghelp: loaded successfully - version: 4.0.5 - missing functions: none
symbol engine: initialized successfully - sym options: 0x614 - pdb path: .;C:\Program Files\Eclipse Adoptium\jdk-17.0.1.12-hotspot\bin;C:\WINDOWS\SYSTEM32;C:\WINDOWS\WinSxS\amd64_microsoft.windows.common-controls_6595b64144ccf1df_6.0.19041.1110_none_60b5254171f9507e;C:\Program Files\Eclipse Adoptium\jdk-17.0.1.12-hotspot\bin\server;C:\Users\Birb\.gradle\native\e1d6ef7f7dcc3fd88c89a11ec53ec762bb8ba0a96d01ffa2cd45eb1d1d8dd5c5\windows-amd64;C:\Users\Birb\.gradle\native\5664cfc778a61ccfe75a443a1ab52a65af34e5dc3c78e0209fed803814484fcb\windows-amd64

VM Arguments:
jvm_args: -agentlib:jdwp=transport=dt_socket,server=n,suspend=y,address=127.0.0.1:63910 --add-opens=java.base/java.util=ALL-UNNAMED --add-opens=java.base/java.lang=ALL-UNNAMED --add-opens=java.base/java.lang.invoke=ALL-UNNAMED --add-opens=java.base/java.util=ALL-UNNAMED --add-opens=java.prefs/java.util.prefs=ALL-UNNAMED --add-opens=java.prefs/java.util.prefs=ALL-UNNAMED --add-opens=java.base/java.nio.charset=ALL-UNNAMED --add-opens=java.base/java.net=ALL-UNNAMED --add-opens=java.base/java.util.concurrent.atomic=ALL-UNNAMED -Xmx4G -Dfile.encoding=windows-1252 -Duser.country=US -Duser.language=en -Duser.variant 
java_command: org.gradle.launcher.daemon.bootstrap.GradleDaemon 7.3.3
java_class_path (initial): C:\Users\Birb\.gradle\wrapper\dists\gradle-7.3.3-bin\6a41zxkdtcxs8rphpq6y0069z\gradle-7.3.3\lib\gradle-launcher-7.3.3.jar
Launcher Type: SUN_STANDARD

[Global flags]
     intx CICompilerCount                          = 3                                         {product} {ergonomic}
     uint ConcGCThreads                            = 1                                         {product} {ergonomic}
     uint G1ConcRefinementThreads                  = 4                                         {product} {ergonomic}
   size_t G1HeapRegionSize                         = 2097152                                   {product} {ergonomic}
    uintx GCDrainStackTargetSize                   = 64                                        {product} {ergonomic}
   size_t InitialHeapSize                          = 268435456                                 {product} {ergonomic}
   size_t MarkStackSize                            = 4194304                                   {product} {ergonomic}
   size_t MaxHeapSize                              = 4294967296                                {product} {command line}
   size_t MaxNewSize                               = 2575302656                                {product} {ergonomic}
   size_t MinHeapDeltaBytes                        = 2097152                                   {product} {ergonomic}
   size_t MinHeapSize                              = 8388608                                   {product} {ergonomic}
    uintx NonNMethodCodeHeapSize                   = 5832780                                {pd product} {ergonomic}
    uintx NonProfiledCodeHeapSize                  = 122912730                              {pd product} {ergonomic}
    uintx ProfiledCodeHeapSize                     = 122912730                              {pd product} {ergonomic}
    uintx ReservedCodeCacheSize                    = 251658240                              {pd product} {ergonomic}
     bool SegmentedCodeCache                       = true                                      {product} {ergonomic}
   size_t SoftMaxHeapSize                          = 4294967296                             {manageable} {ergonomic}
     bool UseCompressedClassPointers               = true                           {product lp64_product} {ergonomic}
     bool UseCompressedOops                        = true                           {product lp64_product} {ergonomic}
     bool UseG1GC                                  = true                                      {product} {ergonomic}
     bool UseLargePagesIndividualAllocation        = false                                  {pd product} {ergonomic}

Logging:
Log output configuration:
 #0: stdout all=warning uptime,level,tags
 #1: stderr all=off uptime,level,tags

Environment Variables:
JAVA_HOME=E:\Program Files\AdoptOpenJDK\jdk-8.0.232.09-hotspot
PATH=C:\Program Files\Eclipse Adoptium\jdk-17.0.1.12-hotspot\bin;C:\Program Files\Alacritty\;C:\Program Files (x86)\Razer Chroma SDK\bin;C:\Program Files\Razer Chroma SDK\bin;C:\Program Files (x86)\Razer\ChromaBroadcast\bin;C:\Program Files\Razer\ChromaBroadcast\bin;C:\Program Files\AdoptOpenJDK\jdk-11.0.6.10-hotspot\bin;C:\Program Files (x86)\Common Files\Intel\Shared Libraries\redist\intel64\compiler;G:\Program Files\AdoptOpenJDK\jdk-8.0.232.09-hotspot\bin;C:\Windows\system32;C:\Windows;C:\Windows\System32\Wbem;C:\Windows\System32\WindowsPowerShell\v1.0\;C:\Windows\System32\OpenSSH\;E:\Program Files\Git\cmd;C:\Program Files (x86)\NVIDIA Corporation\PhysX\Common;G:\Program Files\nodejs\;C:\Program Files\apache-maven-3.6.3\bin;C:\Program Files\Memurai\;C:\cygwin64\bin;C:\Program Files\dotnet\;C:\Users\Birb\.cargo\bin;C:\Users\Birb\AppData\Local\Microsoft\WindowsApps;C:\Users\Birb\AppData\Local\hyper\app-3.0.2\resources\bin;C:\Users\Birb\AppData\Local\atom\bin;C:\Users\Birb\AppData\Roaming\npm;C:\ffmpeg\bin;C:\Users\Birb\.deno\bin;C:\Users\Birb\.dotnet\tools;G:\Program Files\LLVM\bin;C:\msys64\mingw64\bin;C:\WINDOWS\system32;C:\WINDOWS;C:\WINDOWS\System32\Wbem;C:\WINDOWS\System32\WindowsPowerShell\v1.0\;C:\WINDOWS\System32\OpenSSH\;C:\WINDOWS\system32\config\systemprofile\AppData\Local\Microsoft\WindowsApps;C:\Program Files\RenderDoc\;C:\Users\Birb\.cargo\bin;C:\Users\Birb\AppData\Local\Microsoft\WindowsApps;C:\Users\Birb\AppData\Local\hyper\app-3.0.2\resources\bin;C:\Users\Birb\AppData\Local\atom\bin;C:\Users\Birb\AppData\Roaming\npm;C:\ffmpeg\bin;C:\Users\Birb\.deno\bin;C:\Users\Birb\.dotnet\tools;G:\Program Files\LLVM\bin;C:\msys64\mingw64\bin;;C:\Users\Birb\AppData\Local\Microsoft\WindowsApps
USERNAME=Birb
OS=Windows_NT
PROCESSOR_IDENTIFIER=Intel64 Family 6 Model 158 Stepping 9, GenuineIntel



---------------  S Y S T E M  ---------------

OS:
 Windows 10 , 64 bit Build 19041 (10.0.19041.1566)
OS uptime: 0 days 4:26 hours
Hyper-V role detected

CPU: total 4 (initial active 4) (4 cores per cpu, 1 threads per core) family 6 model 158 stepping 9 microcode 0xb4, cx8, cmov, fxsr, mmx, 3dnowpref, sse, sse2, sse3, ssse3, sse4.1, sse4.2, popcnt, lzcnt, tsc, tscinvbit, avx, avx2, aes, erms, clmul, bmi1, bmi2, rtm, adx, fma, vzeroupper, clflush, clflushopt, hv

Memory: 4k page, system-wide physical 16297M (1311M free)
TotalPageFile size 32297M (AvailPageFile size 2M)
current process WorkingSet (physical memory assigned to process): 456M, peak: 488M
current process commit charge ("private bytes"): 506M, peak: 543M

vm_info: OpenJDK 64-Bit Server VM (17.0.1+12) for windows-amd64 JRE (17.0.1+12), built on Oct 20 2021 07:42:55 by "" with MS VC++ 16.7 (VS2019)

END.
